Date:28/03/2017 18:33:51,Machine:TESTRIG02 -------
Cant send verification email to Gov Notify for  due to following error:Status code 400. The following errors occured [
  {
    "error": "ValidationError",
    "message": "email_address None is not of type string"
  }
]

Date:28/03/2017 18:33:52,Machine:TESTRIG02 -------
Cant send verification email directly for  due to following error:A recipient must be specified.

Date:28/03/2017 18:33:52,Machine:TESTRIG02 -------
Could not send verification email. Please try again later.

Date:28/03/2017 18:35:10,Machine:TESTRIG02 -------
Cant send verification email to Gov Notify for  due to following error:Status code 400. The following errors occured [
  {
    "error": "ValidationError",
    "message": "email_address None is not of type string"
  }
]

Date:28/03/2017 18:35:11,Machine:TESTRIG02 -------
Cant send verification email directly for  due to following error:A recipient must be specified.

Date:28/03/2017 18:35:11,Machine:TESTRIG02 -------
Could not send verification email. Please try again later.

Date:28/03/2017 18:35:58,Machine:TESTRIG02 -------
Cant send verification email to Gov Notify for  due to following error:Status code 400. The following errors occured [
  {
    "error": "ValidationError",
    "message": "email_address None is not of type string"
  }
]

Date:28/03/2017 18:35:59,Machine:TESTRIG02 -------
Cant send verification email directly for  due to following error:A recipient must be specified.

Date:28/03/2017 18:35:59,Machine:TESTRIG02 -------
Could not send verification email. Please try again later.

Date:28/03/2017 18:37:44,Machine:TESTRIG02 -------
Cant send verification email to Gov Notify for  due to following error:Status code 400. The following errors occured [
  {
    "error": "ValidationError",
    "message": "email_address None is not of type string"
  }
]

Date:28/03/2017 18:37:45,Machine:TESTRIG02 -------
Cant send verification email directly for  due to following error:A recipient must be specified.

Date:28/03/2017 18:38:13,Machine:TESTRIG02 -------
Could not send verification email. Please try again later.

Date:28/03/2017 18:46:00,Machine:TESTRIG02 -------
Cant send verification email to Gov Notify for  due to following error:Status code 400. The following errors occured [
  {
    "error": "ValidationError",
    "message": "email_address None is not of type string"
  }
]

Date:28/03/2017 18:46:01,Machine:TESTRIG02 -------
Cant send verification email directly for  due to following error:A recipient must be specified.

Date:28/03/2017 18:46:23,Machine:TESTRIG02 -------
Could not send verification email. Please try again later.

Date:28/03/2017 18:47:05,Machine:TESTRIG02 -------
Cant send verification email to Gov Notify for  due to following error:Status code 400. The following errors occured [
  {
    "error": "ValidationError",
    "message": "email_address None is not of type string"
  }
]

Date:28/03/2017 18:47:06,Machine:TESTRIG02 -------
Cant send verification email directly for  due to following error:A recipient must be specified.

Date:28/03/2017 18:47:15,Machine:TESTRIG02 -------
Could not send verification email. Please try again later.

Date:28/03/2017 18:49:23,Machine:TESTRIG02 -------
Cant send verification email to Gov Notify for  due to following error:Status code 400. The following errors occured [
  {
    "error": "ValidationError",
    "message": "email_address None is not of type string"
  }
]

Date:28/03/2017 18:49:36,Machine:TESTRIG02 -------
Cant send verification email directly for  due to following error:A recipient must be specified.

Date:28/03/2017 18:51:23,Machine:TESTRIG02 -------
Cant send verification email to Gov Notify for mccabesp@hotmail.com due to following error:Status code 404. The following errors occured [
  {
    "error": "NoResultFound",
    "message": "No result found"
  }
]

Date:28/03/2017 21:05:07,Machine:TESTRIG02 -------
System.NotSupportedException: The method 'Skip' is only supported for sorted input in LINQ to Entities. The method 'OrderBy' must be called before the method 'Skip'.
   at System.Data.Entity.Core.Objects.ELinq.ExpressionConverter.OrderByLifter.PassthroughOrderByLifter.Skip(DbExpression k)
   at System.Data.Entity.Core.Objects.ELinq.ExpressionConverter.OrderByLifter.Skip(DbExpressionBinding input, DbExpression skipCount)
   at System.Data.Entity.Core.Objects.ELinq.ExpressionConverter.Skip(DbExpressionBinding input, DbExpression skipCount)
   at System.Data.Entity.Core.Objects.ELinq.ExpressionConverter.MethodCallTranslator.SkipTranslator.TranslatePagingOperator(ExpressionConverter parent, DbExpression operand, DbExpression count)
   at System.Data.Entity.Core.Objects.ELinq.ExpressionConverter.MethodCallTranslator.PagingTranslator.TranslateUnary(ExpressionConverter parent, DbExpression operand, MethodCallExpression call)
   at System.Data.Entity.Core.Objects.ELinq.ExpressionConverter.MethodCallTranslator.UnarySequenceMethodTranslator.Translate(ExpressionConverter parent, MethodCallExpression call)
   at System.Data.Entity.Core.Objects.ELinq.ExpressionConverter.MethodCallTranslator.SequenceMethodTranslator.Translate(ExpressionConverter parent, MethodCallExpression call, SequenceMethod sequenceMethod)
   at System.Data.Entity.Core.Objects.ELinq.ExpressionConverter.MethodCallTranslator.TypedTranslate(ExpressionConverter parent, MethodCallExpression linq)
   at System.Data.Entity.Core.Objects.ELinq.ExpressionConverter.TypedTranslator`1.Translate(ExpressionConverter parent, Expression linq)
   at System.Data.Entity.Core.Objects.ELinq.ExpressionConverter.TranslateExpression(Expression linq)
   at System.Data.Entity.Core.Objects.ELinq.ExpressionConverter.MethodCallTranslator.UnarySequenceMethodTranslator.Translate(ExpressionConverter parent, MethodCallExpression call)
   at System.Data.Entity.Core.Objects.ELinq.ExpressionConverter.MethodCallTranslator.SequenceMethodTranslator.Translate(ExpressionConverter parent, MethodCallExpression call, SequenceMethod sequenceMethod)
   at System.Data.Entity.Core.Objects.ELinq.ExpressionConverter.MethodCallTranslator.TypedTranslate(ExpressionConverter parent, MethodCallExpression linq)
   at System.Data.Entity.Core.Objects.ELinq.ExpressionConverter.TypedTranslator`1.Translate(ExpressionConverter parent, Expression linq)
   at System.Data.Entity.Core.Objects.ELinq.ExpressionConverter.TranslateExpression(Expression linq)
   at System.Data.Entity.Core.Objects.ELinq.ExpressionConverter.Convert()
   at System.Data.Entity.Core.Objects.ELinq.ELinqQueryState.GetExecutionPlan(Nullable`1 forMergeOption)
   at System.Data.Entity.Core.Objects.ObjectQuery`1.<>c__DisplayClass7.<GetResults>b__6()
   at System.Data.Entity.Core.Objects.ObjectContext.ExecuteInTransaction[T](Func`1 func, IDbExecutionStrategy executionStrategy, Boolean startLocalTransaction, Boolean releaseConnectionOnSuccess)
   at System.Data.Entity.Core.Objects.ObjectQuery`1.<>c__DisplayClass7.<GetResults>b__5()
   at System.Data.Entity.SqlServer.DefaultSqlExecutionStrategy.Execute[TResult](Func`1 operation)
   at System.Data.Entity.Core.Objects.ObjectQuery`1.GetResults(Nullable`1 forMergeOption)
   at System.Data.Entity.Core.Objects.ObjectQuery`1.<System.Collections.Generic.IEnumerable<T>.GetEnumerator>b__0()
   at System.Data.Entity.Internal.LazyEnumerator`1.MoveNext()
   at System.Linq.Enumerable.FirstOrDefault[TSource](IEnumerable`1 source)
   at System.Data.Entity.Core.Objects.ELinq.ObjectQueryProvider.<GetElementFunction>b__1[TResult](IEnumerable`1 sequence)
   at System.Data.Entity.Core.Objects.ELinq.ObjectQueryProvider.ExecuteSingle[TResult](IEnumerable`1 query, Expression queryRoot)
   at System.Data.Entity.Core.Objects.ELinq.ObjectQueryProvider.System.Linq.IQueryProvider.Execute[TResult](Expression expression)
   at System.Data.Entity.Internal.Linq.DbQueryProvider.Execute[TResult](Expression expression)
   at System.Linq.Queryable.FirstOrDefault[TSource](IQueryable`1 source)
   at GenderPayGap.CompaniesHouseAPI.GetSicCodes(String companyNumber)
   at GenderPayGap.PrivateSectorRepository.GetSicCodes(String companyNumber)
   at GenderPayGap.WebUI.Controllers.RegisterController.ConfirmOrganisation(OrganisationViewModel model)
   at lambda_method(Closure , ControllerBase , Object[] )
   at System.Web.Mvc.ActionMethodDispatcher.Execute(ControllerBase controller, Object[] parameters)
   at System.Web.Mvc.ReflectedActionDescriptor.Execute(ControllerContext controllerContext, IDictionary`2 parameters)
   at System.Web.Mvc.ControllerActionInvoker.InvokeActionMethod(ControllerContext controllerContext, ActionDescriptor actionDescriptor, IDictionary`2 parameters)
   at System.Web.Mvc.Async.AsyncControllerActionInvoker.<BeginInvokeSynchronousActionMethod>b__39(IAsyncResult asyncResult, ActionInvocation innerInvokeState)
   at System.Web.Mvc.Async.AsyncResultWrapper.WrappedAsyncResult`2.CallEndDelegate(IAsyncResult asyncResult)
   at System.Web.Mvc.Async.AsyncResultWrapper.WrappedAsyncResultBase`1.End()
   at System.Web.Mvc.Async.AsyncControllerActionInvoker.EndInvokeActionMethod(IAsyncResult asyncResult)
   at System.Web.Mvc.Async.AsyncControllerActionInvoker.AsyncInvocationWithFilters.<InvokeActionMethodFilterAsynchronouslyRecursive>b__3d()
   at System.Web.Mvc.Async.AsyncControllerActionInvoker.AsyncInvocationWithFilters.<>c__DisplayClass46.<InvokeActionMethodFilterAsynchronouslyRecursive>b__3f()
   at System.Web.Mvc.Async.AsyncControllerActionInvoker.<>c__DisplayClass33.<BeginInvokeActionMethodWithFilters>b__32(IAsyncResult asyncResult)
   at System.Web.Mvc.Async.AsyncResultWrapper.WrappedAsyncResult`1.CallEndDelegate(IAsyncResult asyncResult)
   at System.Web.Mvc.Async.AsyncResultWrapper.WrappedAsyncResultBase`1.End()
   at System.Web.Mvc.Async.AsyncControllerActionInvoker.EndInvokeActionMethodWithFilters(IAsyncResult asyncResult)
   at System.Web.Mvc.Async.AsyncControllerActionInvoker.<>c__DisplayClass21.<>c__DisplayClass2b.<BeginInvokeAction>b__1c()
   at System.Web.Mvc.Async.AsyncControllerActionInvoker.<>c__DisplayClass21.<BeginInvokeAction>b__1e(IAsyncResult asyncResult)

Date:28/03/2017 21:07:53,Machine:TESTRIG02 -------
System.AggregateException: One or more errors occurred. ---> System.Net.Http.HttpRequestException: Response status code does not indicate success: 404 (Not Found).
   at System.Runtime.CompilerServices.TaskAwaiter.ThrowForNonSuccess(Task task)
   at System.Runtime.CompilerServices.TaskAwaiter.HandleNonSuccessAndDebuggerNotification(Task task)
   at System.Runtime.CompilerServices.TaskAwaiter`1.GetResult()
   at GenderPayGap.CompaniesHouseAPI.<GetCompany>d__2.MoveNext() in D:\CadencePartnership.Com\GPGBeta\Beta\GenderPayGap.WebUI\Classes\API\CompaniesHouseAPI.cs:line 139
--- End of stack trace from previous location where exception was thrown ---
   at System.Runtime.CompilerServices.TaskAwaiter.ThrowForNonSuccess(Task task)
   at System.Runtime.CompilerServices.TaskAwaiter.HandleNonSuccessAndDebuggerNotification(Task task)
   at System.Runtime.CompilerServices.TaskAwaiter`1.GetResult()
   at GenderPayGap.CompaniesHouseAPI.<>c__DisplayClass1_0.<<GetSicCodes>b__0>d.MoveNext() in D:\CadencePartnership.Com\GPGBeta\Beta\GenderPayGap.WebUI\Classes\API\CompaniesHouseAPI.cs:line 123
   --- End of inner exception stack trace ---
   at System.Threading.Tasks.Task.ThrowIfExceptional(Boolean includeTaskCanceledExceptions)
   at System.Threading.Tasks.Task`1.GetResultCore(Boolean waitCompletionNotification)
   at System.Threading.Tasks.Task`1.get_Result()
   at GenderPayGap.CompaniesHouseAPI.GetSicCodes(String companyNumber) in D:\CadencePartnership.Com\GPGBeta\Beta\GenderPayGap.WebUI\Classes\API\CompaniesHouseAPI.cs:line 125
   at GenderPayGap.PrivateSectorRepository.GetSicCodes(String companyNumber) in D:\CadencePartnership.Com\GPGBeta\Beta\GenderPayGap.WebUI\Classes\PrivateSectorRepository.cs:line 38
   at GenderPayGap.WebUI.Controllers.RegisterController.ConfirmOrganisation(OrganisationViewModel model) in D:\CadencePartnership.Com\GPGBeta\Beta\GenderPayGap.WebUI\Controllers\RegisterController.cs:line 892
   at lambda_method(Closure , ControllerBase , Object[] )
   at System.Web.Mvc.ActionMethodDispatcher.Execute(ControllerBase controller, Object[] parameters)
   at System.Web.Mvc.ReflectedActionDescriptor.Execute(ControllerContext controllerContext, IDictionary`2 parameters)
   at System.Web.Mvc.ControllerActionInvoker.InvokeActionMethod(ControllerContext controllerContext, ActionDescriptor actionDescriptor, IDictionary`2 parameters)
   at System.Web.Mvc.Async.AsyncControllerActionInvoker.<BeginInvokeSynchronousActionMethod>b__39(IAsyncResult asyncResult, ActionInvocation innerInvokeState)
   at System.Web.Mvc.Async.AsyncResultWrapper.WrappedAsyncResult`2.CallEndDelegate(IAsyncResult asyncResult)
   at System.Web.Mvc.Async.AsyncResultWrapper.WrappedAsyncResultBase`1.End()
   at System.Web.Mvc.Async.AsyncControllerActionInvoker.EndInvokeActionMethod(IAsyncResult asyncResult)
   at System.Web.Mvc.Async.AsyncControllerActionInvoker.AsyncInvocationWithFilters.<InvokeActionMethodFilterAsynchronouslyRecursive>b__3d()
   at System.Web.Mvc.Async.AsyncControllerActionInvoker.AsyncInvocationWithFilters.<>c__DisplayClass46.<InvokeActionMethodFilterAsynchronouslyRecursive>b__3f()
   at System.Web.Mvc.Async.AsyncControllerActionInvoker.<>c__DisplayClass33.<BeginInvokeActionMethodWithFilters>b__32(IAsyncResult asyncResult)
   at System.Web.Mvc.Async.AsyncResultWrapper.WrappedAsyncResult`1.CallEndDelegate(IAsyncResult asyncResult)
   at System.Web.Mvc.Async.AsyncResultWrapper.WrappedAsyncResultBase`1.End()
   at System.Web.Mvc.Async.AsyncControllerActionInvoker.EndInvokeActionMethodWithFilters(IAsyncResult asyncResult)
   at System.Web.Mvc.Async.AsyncControllerActionInvoker.<>c__DisplayClass21.<>c__DisplayClass2b.<BeginInvokeAction>b__1c()
   at System.Web.Mvc.Async.AsyncControllerActionInvoker.<>c__DisplayClass21.<BeginInvokeAction>b__1e(IAsyncResult asyncResult)
---> (Inner Exception #0) System.Net.Http.HttpRequestException: Response status code does not indicate success: 404 (Not Found).
   at System.Runtime.CompilerServices.TaskAwaiter.ThrowForNonSuccess(Task task)
   at System.Runtime.CompilerServices.TaskAwaiter.HandleNonSuccessAndDebuggerNotification(Task task)
   at System.Runtime.CompilerServices.TaskAwaiter`1.GetResult()
   at GenderPayGap.CompaniesHouseAPI.<GetCompany>d__2.MoveNext() in D:\CadencePartnership.Com\GPGBeta\Beta\GenderPayGap.WebUI\Classes\API\CompaniesHouseAPI.cs:line 139
--- End of stack trace from previous location where exception was thrown ---
   at System.Runtime.CompilerServices.TaskAwaiter.ThrowForNonSuccess(Task task)
   at System.Runtime.CompilerServices.TaskAwaiter.HandleNonSuccessAndDebuggerNotification(Task task)
   at System.Runtime.CompilerServices.TaskAwaiter`1.GetResult()
   at GenderPayGap.CompaniesHouseAPI.<>c__DisplayClass1_0.<<GetSicCodes>b__0>d.MoveNext() in D:\CadencePartnership.Com\GPGBeta\Beta\GenderPayGap.WebUI\Classes\API\CompaniesHouseAPI.cs:line 123<---


Date:28/03/2017 21:08:45,Machine:TESTRIG02 -------
System.AggregateException: One or more errors occurred. ---> System.ArgumentException: The field PrivateSectorReference must be a string or array type with a maximum length of '10'.
Parameter name: PrivateSectorReference
   --- End of inner exception stack trace ---
   at GenderPayGap.Models.SqlDatabase.DbContext.SaveChanges() in D:\CadencePartnership.Com\GPGBeta\Beta\GenderPayGap.Database\GpgDatabase.cs:line 79
   at GenderPayGap.Core.Classes.SqlRepository.SaveChanges() in D:\CadencePartnership.Com\GPGBeta\Beta\GenderPayGap.Core\Classes\SqlRepository.cs:line 44
   at GenderPayGap.WebUI.Controllers.RegisterController.SaveRegistration(User currentUser, OrganisationViewModel model)
   at GenderPayGap.WebUI.Controllers.RegisterController.ConfirmOrganisation(OrganisationViewModel model)
   at lambda_method(Closure , ControllerBase , Object[] )
   at System.Web.Mvc.ActionMethodDispatcher.Execute(ControllerBase controller, Object[] parameters)
   at System.Web.Mvc.ReflectedActionDescriptor.Execute(ControllerContext controllerContext, IDictionary`2 parameters)
   at System.Web.Mvc.ControllerActionInvoker.InvokeActionMethod(ControllerContext controllerContext, ActionDescriptor actionDescriptor, IDictionary`2 parameters)
   at System.Web.Mvc.Async.AsyncControllerActionInvoker.<BeginInvokeSynchronousActionMethod>b__39(IAsyncResult asyncResult, ActionInvocation innerInvokeState)
   at System.Web.Mvc.Async.AsyncResultWrapper.WrappedAsyncResult`2.CallEndDelegate(IAsyncResult asyncResult)
   at System.Web.Mvc.Async.AsyncResultWrapper.WrappedAsyncResultBase`1.End()
   at System.Web.Mvc.Async.AsyncControllerActionInvoker.EndInvokeActionMethod(IAsyncResult asyncResult)
   at System.Web.Mvc.Async.AsyncControllerActionInvoker.AsyncInvocationWithFilters.<InvokeActionMethodFilterAsynchronouslyRecursive>b__3d()
   at System.Web.Mvc.Async.AsyncControllerActionInvoker.AsyncInvocationWithFilters.<>c__DisplayClass46.<InvokeActionMethodFilterAsynchronouslyRecursive>b__3f()
   at System.Web.Mvc.Async.AsyncControllerActionInvoker.<>c__DisplayClass33.<BeginInvokeActionMethodWithFilters>b__32(IAsyncResult asyncResult)
   at System.Web.Mvc.Async.AsyncResultWrapper.WrappedAsyncResult`1.CallEndDelegate(IAsyncResult asyncResult)
   at System.Web.Mvc.Async.AsyncResultWrapper.WrappedAsyncResultBase`1.End()
   at System.Web.Mvc.Async.AsyncControllerActionInvoker.EndInvokeActionMethodWithFilters(IAsyncResult asyncResult)
   at System.Web.Mvc.Async.AsyncControllerActionInvoker.<>c__DisplayClass21.<>c__DisplayClass2b.<BeginInvokeAction>b__1c()
   at System.Web.Mvc.Async.AsyncControllerActionInvoker.<>c__DisplayClass21.<BeginInvokeAction>b__1e(IAsyncResult asyncResult)
---> (Inner Exception #0) System.ArgumentException: The field PrivateSectorReference must be a string or array type with a maximum length of '10'.
Parameter name: PrivateSectorReference<---


